2023-03-27 20:36:20.635  INFO 20912 --- [main] lavalink.server.Launcher                 : 

[32m       .  [31m _                  _ _       _    [32m__ _ _
[32m      /\\ [31m| | __ ___   ____ _| (_)_ __ | | __[32m\ \ \ \
[32m     ( ( )[31m| |/ _` \ \ / / _` | | | '_ \| |/ /[32m \ \ \ \
[32m      \\/ [31m| | (_| |\ V / (_| | | | | | |   < [32m  ) ) ) )
[32m       '  [31m|_|\__,_| \_/ \__,_|_|_|_| |_|_|\_\[32m / / / /
[0m    =========================================[32m/_/_/_/[0m

	Version:        eec629def799086d30e7df25f03c398d64357783-SNAPSHOT
	Build:          1342
	Build time:     22.02.2022 11:17:22 UTC
	Branch          master
	Commit:         eec629d
	Commit time:    22.02.2022 11:14:41 UTC
	JVM:            17.0.6
	Lavaplayer      1.3.96-original

2023-03-27 20:36:21.031  INFO 20912 --- [main] lavalink.server.Launcher                 : Starting Launcher on XENO_Main with PID 20912 (C:\Users\gamin\Desktop\xenobot_v2\foxybot\Lavalink\Lavalink.jar started by gamin in C:\Users\gamin\Desktop\xenobot_v2\foxybot\Lavalink)
2023-03-27 20:36:21.032  INFO 20912 --- [main] lavalink.server.Launcher                 : No active profile set, falling back to default profiles: default
2023-03-27 20:36:21.629  WARN 20912 --- [background-preinit] o.s.h.c.j.Jackson2ObjectMapperBuilder    : For Jackson Kotlin classes support please add "com.fasterxml.jackson.module:jackson-module-kotlin" to the classpath
2023-03-27 20:36:24.153  WARN 20912 --- [main] io.undertow.websockets.jsr               : UT026010: Buffer pool was not set on WebSocketDeploymentInfo, the default pool will be used
2023-03-27 20:36:24.205  INFO 20912 --- [main] io.undertow.servlet                      : Initializing Spring embedded WebApplicationContext
2023-03-27 20:36:24.206  INFO 20912 --- [main] o.s.web.context.ContextLoader            : Root WebApplicationContext: initialization completed in 2895 ms
2023-03-27 20:36:25.034  WARN 20912 --- [main] l.server.config.SentryConfiguration      : Turning off sentry
2023-03-27 20:36:25.887  INFO 20912 --- [main] c.s.d.l.tools.GarbageCollectionMonitor   : GC monitoring enabled, reporting results every 2 minutes.
2023-03-27 20:36:26.626  INFO 20912 --- [main] lavalink.server.config.KoeConfiguration  : OS: Windows 11, Arch: amd64
2023-03-27 20:36:26.627  WARN 20912 --- [main] lavalink.server.config.KoeConfiguration  : This system and architecture appears to not support native audio sending! GC pauses may cause your bot to stutter during playback.
2023-03-27 20:36:27.431  INFO 20912 --- [main] o.s.s.concurrent.ThreadPoolTaskExecutor  : Initializing ExecutorService 'applicationTaskExecutor'
2023-03-27 20:36:28.519  INFO 20912 --- [main] org.xnio                                 : XNIO version 3.3.8.Final
2023-03-27 20:36:28.557  INFO 20912 --- [main] org.xnio.nio                             : XNIO NIO Implementation Version 3.3.8.Final
2023-03-27 20:36:28.778  INFO 20912 --- [main] o.s.b.w.e.u.UndertowServletWebServer     : Undertow started on port(s) 2333 (http) with context path ''
2023-03-27 20:36:28.798  INFO 20912 --- [main] lavalink.server.Launcher                 : Started Launcher in 9.641 seconds (JVM running for 11.045)
2023-03-27 20:36:28.801  INFO 20912 --- [main] lavalink.server.Launcher                 : You can safely ignore the big red warning about illegal reflection. See https://github.com/freyacodes/Lavalink/issues/295
2023-03-27 20:36:36.639  INFO 20912 --- [XNIO-1 task-1] io.undertow.servlet                      : Initializing Spring DispatcherServlet 'dispatcherServlet'
2023-03-27 20:36:36.640  INFO 20912 --- [XNIO-1 task-1] o.s.web.servlet.DispatcherServlet        : Initializing Servlet 'dispatcherServlet'
2023-03-27 20:36:36.648  INFO 20912 --- [XNIO-1 task-1] o.s.web.servlet.DispatcherServlet        : Completed initialization in 8 ms
2023-03-27 20:36:36.683  INFO 20912 --- [XNIO-1 task-1] l.server.io.HandshakeInterceptorImpl     : Incoming connection from /127.0.0.1:22311
2023-03-27 20:36:36.831  INFO 20912 --- [XNIO-1 task-1] lavalink.server.io.SocketServer          : Connection successfully established from erela.js
2023-03-27 23:31:34.687  INFO 20912 --- [XNIO-1 I/O-3] lavalink.server.io.SocketServer          : Connection closed from /127.0.0.1:22311 -- CloseStatus[code=1006, reason=]
2023-03-27 23:31:34.709  INFO 20912 --- [XNIO-1 I/O-3] lavalink.server.io.SocketContext         : Shutting down 0 playing players.
